NOTICE:  trigger "audit_logs_enforce_payment_promise_operating_mode" for relation "audit_logs" does not exist, skipping
TEST db/tests/0006_collection_integrity_smoke.sql
TEST db/tests/0007_file_pipeline_smoke.sql
TEST db/tests/0008_customer_account_identity_smoke.sql
TEST db/tests/0009_report_temporal_versioning_smoke.sql
TEST db/tests/0010_pre_upload_integrity_hardening_smoke.sql
TEST db/tests/0011_extraction_insert_guards_smoke.sql
TEST db/tests/0012_auth_single_manager_smoke.sql
TEST db/tests/0013_email_password_recovery_smoke.sql
TEST db/tests/0014_auth_session_hardening_smoke.sql
TEST db/tests/0015_atomic_login_throttling_smoke.sql
TEST db/tests/0016_payment_promises_engine_smoke.sql
TEST db/tests/0017_payment_promises_cursor_precision_smoke.sql
TEST db/tests/0018_payment_promises_review_hardening_smoke.sql
TEST db/tests/0019_payment_promises_idempotency_canonicalization_smoke.sql
TEST db/tests/0020_payment_promises_safe_create_payload_backfill_smoke.sql
TEST db/tests/0021_payment_promises_payload_and_audit_hardening_smoke.sql
TEST db/tests/0022_payment_promises_historical_reversal_safety_smoke.sql
TEST db/tests/0023_credit_risk_engine_smoke.sql
TEST db/tests/0024_credit_decision_history_hardening_smoke.sql
TEST db/tests/0025_credit_exception_usage_ledger_smoke.sql
TEST db/tests/0026_daily_plans_engine_smoke.sql
ERROR:  daily plan cannot be completed while items lack execution results
CONTEXT:  PL/pgSQL function validate_daily_plan() line 96 at RAISE
SQL statement "UPDATE daily_plans
  SET state = 'COMPLETED',
      completed_by = sales_user_id,
      completed_at = now()
  WHERE id = plan_id_value"
PL/pgSQL function inline_code_block line 390 at SQL statement
